This file contains any messages produced by compilers while
running configure, to aid debugging if configure makes a mistake.

It was created by dmf configure 1.0, which was
generated by GNU Autoconf 2.69.  Invocation command line was

  $ ./configure 

## --------- ##
## Platform. ##
## --------- ##

hostname = hp1
uname -m = x86_64
uname -r = 2.11.2(0.329/5/3)
uname -s = MINGW64_NT-10.0
uname -v = 2018-11-26 09:22

/usr/bin/uname -p = unknown
/bin/uname -X     = unknown

/bin/arch              = x86_64
/usr/bin/arch -k       = unknown
/usr/convex/getsysinfo = unknown
/usr/bin/hostinfo      = unknown
/bin/machine           = unknown
/usr/bin/oslevel       = unknown
/bin/universe          = unknown

PATH: /c/home/sysadm/addons/fasm
PATH: /c/home/sysadm/devel/runtime/bin
PATH: .
PATH: /c/home/sysadm/bin
PATH: /c/home/sysadm/addons/ruby/Ruby24-x64/bin
PATH: /c/home/sysadm/addons/msys64
PATH: /c/home/sysadm/addons/ruby/Ruby24-x64/bin
PATH: /c/home/sysadm/addons/msys64
PATH: /mingw64/bin
PATH: /usr/local/bin
PATH: /usr/bin
PATH: /bin
PATH: /c/Windows/System32
PATH: /c/Windows
PATH: /c/Windows/System32/Wbem
PATH: /c/Windows/System32/WindowsPowerShell/v1.0/
PATH: /usr/bin/site_perl
PATH: /usr/bin/vendor_perl
PATH: /usr/bin/core_perl


## ----------- ##
## Core tests. ##
## ----------- ##

configure:2013: loading site script /mingw64/etc/config.site
| # This file is in public domain.
| # Original author: Karlson2k (Evgeny Grin)
| # Written for MSys2/MinGW64 to help running 'configure' scripts
| 
| # Defaults for MinGW64-targeted programs
| 
| # Set proper selfname on bash and fallback to default name on other shells
| test -n "${BASH_SOURCE}" 2>/dev/null && config_site_me="${BASH_SOURCE[0]##*/}" || config_site_me=config.site
| 
| # Set default 'host' to speedup configure
| if test -z "$build_alias"; then
|   build_alias="${MSYSTEM_CHOST-x86_64-w64-mingw32}" && \
|     ${as_echo-echo} "$config_site_me:${as_lineno-$LINENO}: default build_alias set to $build_alias" >&5
| fi
| 
| # Set default 'prefix' to "/mingw64"
| if ( test -z "$prefix" || test "x$prefix" = "xNONE" ) && \
|    ( test -z "$exec_prefix" || test "x$exec_prefix" = "xNONE" ); then
|   prefix="${MSYSTEM_PREFIX-/mingw64}" && \
|     ${as_echo-echo} "$config_site_me:${as_lineno-$LINENO}: default prefix set to $prefix" >&5
| fi
config.site:13: default build_alias set to x86_64-w64-mingw32
config.site:20: default prefix set to /mingw64
configure:2157: checking for a BSD-compatible install
configure:2225: result: /usr/bin/install -c
configure:2236: checking whether build environment is sane
configure:2291: result: yes
configure:2442: checking for a thread-safe mkdir -p
configure:2481: result: /usr/bin/mkdir -p
configure:2488: checking for gawk
configure:2504: found /usr/bin/gawk
configure:2515: result: gawk
configure:2526: checking whether make sets $(MAKE)
configure:2548: result: yes
configure:2577: checking whether make supports nested variables
configure:2594: result: yes
configure:2774: checking for pkg-config
configure:2792: found /mingw64/bin/pkg-config
configure:2804: result: /mingw64/bin/pkg-config
configure:2829: checking pkg-config is at least version 0.9.0
configure:2832: result: yes
configure:2854: checking whether make supports the include directive
configure:2869: make -f confmf.GNU && cat confinc.out
this is the am__doit target
configure:2872: $? = 0
configure:2891: result: yes (GNU style)
configure:2961: checking for gcc
configure:2977: found /mingw64/bin/gcc
configure:2988: result: gcc
configure:3217: checking for C compiler version
configure:3226: gcc --version >&5
gcc.exe (Rev1, Built by MSYS2 project) 8.2.1 20181214
Copyright (C) 2018 Free Software Foundation, Inc.
This is free software; see the source for copying conditions.  There is NO
warranty; not even for MERCHANTABILITY or FITNESS FOR A PARTICULAR PURPOSE.

configure:3237: $? = 0
configure:3226: gcc -v >&5
Using built-in specs.
COLLECT_GCC=C:\home\sysadm\addons\msys64\mingw64\bin\gcc.exe
COLLECT_LTO_WRAPPER=C:/home/sysadm/addons/msys64/mingw64/bin/../lib/gcc/x86_64-w64-mingw32/8.2.1/lto-wrapper.exe
Target: x86_64-w64-mingw32
Configured with: ../gcc-8-20181214/configure --prefix=/mingw64 --with-local-prefix=/mingw64/local --build=x86_64-w64-mingw32 --host=x86_64-w64-mingw32 --target=x86_64-w64-mingw32 --with-native-system-header-dir=/mingw64/x86_64-w64-mingw32/include --libexecdir=/mingw64/lib --enable-bootstrap --with-arch=x86-64 --with-tune=generic --enable-languages=ada,c,lto,c++,objc,obj-c++,fortran --enable-shared --enable-static --enable-libatomic --enable-threads=posix --enable-graphite --enable-fully-dynamic-string --enable-libstdcxx-filesystem-ts=yes --enable-libstdcxx-time=yes --disable-libstdcxx-pch --disable-libstdcxx-debug --disable-isl-version-check --enable-lto --enable-libgomp --disable-multilib --enable-checking=release --disable-rpath --disable-win32-registry --disable-nls --disable-werror --disable-symvers --with-libiconv --with-system-zlib --with-gmp=/mingw64 --with-mpfr=/mingw64 --with-mpc=/mingw64 --with-isl=/mingw64 --with-pkgversion='Rev1, Built by MSYS2 project' --with-bugurl=https://sourceforge.net/projects/msys2 --with-gnu-as --with-gnu-ld
Thread model: posix
gcc version 8.2.1 20181214 (Rev1, Built by MSYS2 project) 
configure:3237: $? = 0
configure:3226: gcc -V >&5
gcc.exe: error: unrecognized command line option '-V'
gcc.exe: fatal error: no input files
compilation terminated.
configure:3237: $? = 1
configure:3226: gcc -qversion >&5
gcc.exe: error: unrecognized command line option '-qversion'; did you mean '--version'?
gcc.exe: fatal error: no input files
compilation terminated.
configure:3237: $? = 1
configure:3257: checking whether the C compiler works
configure:3279: gcc    conftest.c  >&5
configure:3283: $? = 0
configure:3331: result: yes
configure:3334: checking for C compiler default output file name
configure:3336: result: a.exe
configure:3342: checking for suffix of executables
configure:3349: gcc -o conftest.exe    conftest.c  >&5
configure:3353: $? = 0
configure:3375: result: .exe
configure:3397: checking whether we are cross compiling
configure:3405: gcc -o conftest.exe    conftest.c  >&5
configure:3409: $? = 0
configure:3416: ./conftest.exe
configure:3420: $? = 0
configure:3435: result: no
configure:3440: checking for suffix of object files
configure:3462: gcc -c   conftest.c >&5
configure:3466: $? = 0
configure:3487: result: o
configure:3491: checking whether we are using the GNU C compiler
configure:3510: gcc -c   conftest.c >&5
configure:3510: $? = 0
configure:3519: result: yes
configure:3528: checking whether gcc accepts -g
configure:3548: gcc -c -g  conftest.c >&5
configure:3548: $? = 0
configure:3589: result: yes
configure:3606: checking for gcc option to accept ISO C89
configure:3669: gcc  -c -g -O2  conftest.c >&5
configure:3669: $? = 0
configure:3682: result: none needed
configure:3707: checking whether gcc understands -c and -o together
configure:3729: gcc -c conftest.c -o conftest2.o
configure:3732: $? = 0
configure:3729: gcc -c conftest.c -o conftest2.o
configure:3732: $? = 0
configure:3744: result: yes
configure:3763: checking dependency style of gcc
configure:3874: result: gcc3
configure:3898: checking dependency style of gcc
configure:4007: result: gcc3
configure:4022: checking for gcc option to accept ISO C99
configure:4171: gcc  -c -g -O2  conftest.c >&5
configure:4171: $? = 0
configure:4184: result: none needed
configure:4204: checking how to run the C preprocessor
configure:4235: gcc -E  conftest.c
configure:4235: $? = 0
configure:4249: gcc -E  conftest.c
conftest.c:11:10: fatal error: ac_nonexistent.h: No such file or directory
 #include <ac_nonexistent.h>
          ^~~~~~~~~~~~~~~~~~
compilation terminated.
configure:4249: $? = 1
configure: failed program was:
| /* confdefs.h */
| #define PACKAGE_NAME "dmf"
| #define PACKAGE_TARNAME "dmf"
| #define PACKAGE_VERSION "1.0"
| #define PACKAGE_STRING "dmf 1.0"
| #define PACKAGE_BUGREPORT "campaw@gmail.com"
| #define PACKAGE_URL ""
| #define PACKAGE "dmf"
| #define VERSION "1.0"
| /* end confdefs.h.  */
| #include <ac_nonexistent.h>
configure:4274: result: gcc -E
configure:4294: gcc -E  conftest.c
configure:4294: $? = 0
configure:4308: gcc -E  conftest.c
conftest.c:11:10: fatal error: ac_nonexistent.h: No such file or directory
 #include <ac_nonexistent.h>
          ^~~~~~~~~~~~~~~~~~
compilation terminated.
configure:4308: $? = 1
configure: failed program was:
| /* confdefs.h */
| #define PACKAGE_NAME "dmf"
| #define PACKAGE_TARNAME "dmf"
| #define PACKAGE_VERSION "1.0"
| #define PACKAGE_STRING "dmf 1.0"
| #define PACKAGE_BUGREPORT "campaw@gmail.com"
| #define PACKAGE_URL ""
| #define PACKAGE "dmf"
| #define VERSION "1.0"
| /* end confdefs.h.  */
| #include <ac_nonexistent.h>
configure:4379: checking for ranlib
configure:4395: found /mingw64/bin/ranlib
configure:4406: result: ranlib
configure:4460: checking for grep that handles long lines and -e
configure:4518: result: /usr/bin/grep
configure:4523: checking for egrep
configure:4585: result: /usr/bin/grep -E
configure:4590: checking for ANSI C header files
configure:4610: gcc -c   conftest.c >&5
configure:4610: $? = 0
configure:4683: gcc -o conftest.exe    conftest.c  >&5
configure:4683: $? = 0
configure:4683: ./conftest.exe
configure:4683: $? = 0
configure:4694: result: yes
configure:4707: checking for sys/types.h
configure:4707: gcc -c   conftest.c >&5
configure:4707: $? = 0
configure:4707: result: yes
configure:4707: checking for sys/stat.h
configure:4707: gcc -c   conftest.c >&5
configure:4707: $? = 0
configure:4707: result: yes
configure:4707: checking for stdlib.h
configure:4707: gcc -c   conftest.c >&5
configure:4707: $? = 0
configure:4707: result: yes
configure:4707: checking for string.h
configure:4707: gcc -c   conftest.c >&5
configure:4707: $? = 0
configure:4707: result: yes
configure:4707: checking for memory.h
configure:4707: gcc -c   conftest.c >&5
configure:4707: $? = 0
configure:4707: result: yes
configure:4707: checking for strings.h
configure:4707: gcc -c   conftest.c >&5
configure:4707: $? = 0
configure:4707: result: yes
configure:4707: checking for inttypes.h
configure:4707: gcc -c   conftest.c >&5
configure:4707: $? = 0
configure:4707: result: yes
configure:4707: checking for stdint.h
configure:4707: gcc -c   conftest.c >&5
configure:4707: $? = 0
configure:4707: result: yes
configure:4707: checking for unistd.h
configure:4707: gcc -c   conftest.c >&5
configure:4707: $? = 0
configure:4707: result: yes
configure:4721: checking stdio.h usability
configure:4721: gcc -c   conftest.c >&5
configure:4721: $? = 0
configure:4721: result: yes
configure:4721: checking stdio.h presence
configure:4721: gcc -E  conftest.c
configure:4721: $? = 0
configure:4721: result: yes
configure:4721: checking for stdio.h
configure:4721: result: yes
configure:4731: checking whether time.h and sys/time.h may both be included
configure:4751: gcc -c   conftest.c >&5
configure:4751: $? = 0
configure:4758: result: yes
configure:4767: checking for uintptr_t
configure:4767: gcc -c   conftest.c >&5
configure:4767: $? = 0
configure:4767: gcc -c   conftest.c >&5
conftest.c: In function 'main':
conftest.c:59:24: error: expected expression before ')' token
 if (sizeof ((uintptr_t)))
                        ^
configure:4767: $? = 1
configure: failed program was:
| /* confdefs.h */
| #define PACKAGE_NAME "dmf"
| #define PACKAGE_TARNAME "dmf"
| #define PACKAGE_VERSION "1.0"
| #define PACKAGE_STRING "dmf 1.0"
| #define PACKAGE_BUGREPORT "campaw@gmail.com"
| #define PACKAGE_URL ""
| #define PACKAGE "dmf"
| #define VERSION "1.0"
| #define STDC_HEADERS 1
| #define HAVE_SYS_TYPES_H 1
| #define HAVE_SYS_STAT_H 1
| #define HAVE_STDLIB_H 1
| #define HAVE_STRING_H 1
| #define HAVE_MEMORY_H 1
| #define HAVE_STRINGS_H 1
| #define HAVE_INTTYPES_H 1
| #define HAVE_STDINT_H 1
| #define HAVE_UNISTD_H 1
| #define HAVE_STDIO_H 1
| #define TIME_WITH_SYS_TIME 1
| /* end confdefs.h.  */
| #include <stdio.h>
| #ifdef HAVE_SYS_TYPES_H
| # include <sys/types.h>
| #endif
| #ifdef HAVE_SYS_STAT_H
| # include <sys/stat.h>
| #endif
| #ifdef STDC_HEADERS
| # include <stdlib.h>
| # include <stddef.h>
| #else
| # ifdef HAVE_STDLIB_H
| #  include <stdlib.h>
| # endif
| #endif
| #ifdef HAVE_STRING_H
| # if !defined STDC_HEADERS && defined HAVE_MEMORY_H
| #  include <memory.h>
| # endif
| # include <string.h>
| #endif
| #ifdef HAVE_STRINGS_H
| # include <strings.h>
| #endif
| #ifdef HAVE_INTTYPES_H
| # include <inttypes.h>
| #endif
| #ifdef HAVE_STDINT_H
| # include <stdint.h>
| #endif
| #ifdef HAVE_UNISTD_H
| # include <unistd.h>
| #endif
| int
| main ()
| {
| if (sizeof ((uintptr_t)))
| 	    return 0;
|   ;
|   return 0;
| }
configure:4767: result: yes
configure:4806: checking direct.h usability
configure:4806: gcc -c   conftest.c >&5
configure:4806: $? = 0
configure:4806: result: yes
configure:4806: checking direct.h presence
configure:4806: gcc -E  conftest.c
configure:4806: $? = 0
configure:4806: result: yes
configure:4806: checking for direct.h
configure:4806: result: yes
configure:4806: checking errno.h usability
configure:4806: gcc -c   conftest.c >&5
configure:4806: $? = 0
configure:4806: result: yes
configure:4806: checking errno.h presence
configure:4806: gcc -E  conftest.c
configure:4806: $? = 0
configure:4806: result: yes
configure:4806: checking for errno.h
configure:4806: result: yes
configure:4806: checking file.h usability
configure:4806: gcc -c   conftest.c >&5
conftest.c:59:10: fatal error: file.h: No such file or directory
 #include <file.h>
          ^~~~~~~~
compilation terminated.
configure:4806: $? = 1
configure: failed program was:
| /* confdefs.h */
| #define PACKAGE_NAME "dmf"
| #define PACKAGE_TARNAME "dmf"
| #define PACKAGE_VERSION "1.0"
| #define PACKAGE_STRING "dmf 1.0"
| #define PACKAGE_BUGREPORT "campaw@gmail.com"
| #define PACKAGE_URL ""
| #define PACKAGE "dmf"
| #define VERSION "1.0"
| #define STDC_HEADERS 1
| #define HAVE_SYS_TYPES_H 1
| #define HAVE_SYS_STAT_H 1
| #define HAVE_STDLIB_H 1
| #define HAVE_STRING_H 1
| #define HAVE_MEMORY_H 1
| #define HAVE_STRINGS_H 1
| #define HAVE_INTTYPES_H 1
| #define HAVE_STDINT_H 1
| #define HAVE_UNISTD_H 1
| #define HAVE_STDIO_H 1
| #define TIME_WITH_SYS_TIME 1
| #define HAVE_UINTPTR_T 1
| #define HAVE_DIRECT_H 1
| #define HAVE_ERRNO_H 1
| /* end confdefs.h.  */
| #include <stdio.h>
| #ifdef HAVE_SYS_TYPES_H
| # include <sys/types.h>
| #endif
| #ifdef HAVE_SYS_STAT_H
| # include <sys/stat.h>
| #endif
| #ifdef STDC_HEADERS
| # include <stdlib.h>
| # include <stddef.h>
| #else
| # ifdef HAVE_STDLIB_H
| #  include <stdlib.h>
| # endif
| #endif
| #ifdef HAVE_STRING_H
| # if !defined STDC_HEADERS && defined HAVE_MEMORY_H
| #  include <memory.h>
| # endif
| # include <string.h>
| #endif
| #ifdef HAVE_STRINGS_H
| # include <strings.h>
| #endif
| #ifdef HAVE_INTTYPES_H
| # include <inttypes.h>
| #endif
| #ifdef HAVE_STDINT_H
| # include <stdint.h>
| #endif
| #ifdef HAVE_UNISTD_H
| # include <unistd.h>
| #endif
| #include <file.h>
configure:4806: result: no
configure:4806: checking file.h presence
configure:4806: gcc -E  conftest.c
conftest.c:26:10: fatal error: file.h: No such file or directory
 #include <file.h>
          ^~~~~~~~
compilation terminated.
configure:4806: $? = 1
configure: failed program was:
| /* confdefs.h */
| #define PACKAGE_NAME "dmf"
| #define PACKAGE_TARNAME "dmf"
| #define PACKAGE_VERSION "1.0"
| #define PACKAGE_STRING "dmf 1.0"
| #define PACKAGE_BUGREPORT "campaw@gmail.com"
| #define PACKAGE_URL ""
| #define PACKAGE "dmf"
| #define VERSION "1.0"
| #define STDC_HEADERS 1
| #define HAVE_SYS_TYPES_H 1
| #define HAVE_SYS_STAT_H 1
| #define HAVE_STDLIB_H 1
| #define HAVE_STRING_H 1
| #define HAVE_MEMORY_H 1
| #define HAVE_STRINGS_H 1
| #define HAVE_INTTYPES_H 1
| #define HAVE_STDINT_H 1
| #define HAVE_UNISTD_H 1
| #define HAVE_STDIO_H 1
| #define TIME_WITH_SYS_TIME 1
| #define HAVE_UINTPTR_T 1
| #define HAVE_DIRECT_H 1
| #define HAVE_ERRNO_H 1
| /* end confdefs.h.  */
| #include <file.h>
configure:4806: result: no
configure:4806: checking for file.h
configure:4806: result: no
configure:4806: checking signal.h usability
configure:4806: gcc -c   conftest.c >&5
configure:4806: $? = 0
configure:4806: result: yes
configure:4806: checking signal.h presence
configure:4806: gcc -E  conftest.c
configure:4806: $? = 0
configure:4806: result: yes
configure:4806: checking for signal.h
configure:4806: result: yes
configure:4806: checking sys/time.h usability
configure:4806: gcc -c   conftest.c >&5
configure:4806: $? = 0
configure:4806: result: yes
configure:4806: checking sys/time.h presence
configure:4806: gcc -E  conftest.c
configure:4806: $? = 0
configure:4806: result: yes
configure:4806: checking for sys/time.h
configure:4806: result: yes
configure:4806: checking time.h usability
configure:4806: gcc -c   conftest.c >&5
configure:4806: $? = 0
configure:4806: result: yes
configure:4806: checking time.h presence
configure:4806: gcc -E  conftest.c
configure:4806: $? = 0
configure:4806: result: yes
configure:4806: checking for time.h
configure:4806: result: yes
configure:4806: checking for unistd.h
configure:4806: result: yes
configure:4806: checking unixio.h usability
configure:4806: gcc -c   conftest.c >&5
conftest.c:63:10: fatal error: unixio.h: No such file or directory
 #include <unixio.h>
          ^~~~~~~~~~
compilation terminated.
configure:4806: $? = 1
configure: failed program was:
| /* confdefs.h */
| #define PACKAGE_NAME "dmf"
| #define PACKAGE_TARNAME "dmf"
| #define PACKAGE_VERSION "1.0"
| #define PACKAGE_STRING "dmf 1.0"
| #define PACKAGE_BUGREPORT "campaw@gmail.com"
| #define PACKAGE_URL ""
| #define PACKAGE "dmf"
| #define VERSION "1.0"
| #define STDC_HEADERS 1
| #define HAVE_SYS_TYPES_H 1
| #define HAVE_SYS_STAT_H 1
| #define HAVE_STDLIB_H 1
| #define HAVE_STRING_H 1
| #define HAVE_MEMORY_H 1
| #define HAVE_STRINGS_H 1
| #define HAVE_INTTYPES_H 1
| #define HAVE_STDINT_H 1
| #define HAVE_UNISTD_H 1
| #define HAVE_STDIO_H 1
| #define TIME_WITH_SYS_TIME 1
| #define HAVE_UINTPTR_T 1
| #define HAVE_DIRECT_H 1
| #define HAVE_ERRNO_H 1
| #define HAVE_SIGNAL_H 1
| #define HAVE_SYS_TIME_H 1
| #define HAVE_TIME_H 1
| #define HAVE_UNISTD_H 1
| /* end confdefs.h.  */
| #include <stdio.h>
| #ifdef HAVE_SYS_TYPES_H
| # include <sys/types.h>
| #endif
| #ifdef HAVE_SYS_STAT_H
| # include <sys/stat.h>
| #endif
| #ifdef STDC_HEADERS
| # include <stdlib.h>
| # include <stddef.h>
| #else
| # ifdef HAVE_STDLIB_H
| #  include <stdlib.h>
| # endif
| #endif
| #ifdef HAVE_STRING_H
| # if !defined STDC_HEADERS && defined HAVE_MEMORY_H
| #  include <memory.h>
| # endif
| # include <string.h>
| #endif
| #ifdef HAVE_STRINGS_H
| # include <strings.h>
| #endif
| #ifdef HAVE_INTTYPES_H
| # include <inttypes.h>
| #endif
| #ifdef HAVE_STDINT_H
| # include <stdint.h>
| #endif
| #ifdef HAVE_UNISTD_H
| # include <unistd.h>
| #endif
| #include <unixio.h>
configure:4806: result: no
configure:4806: checking unixio.h presence
configure:4806: gcc -E  conftest.c
conftest.c:30:10: fatal error: unixio.h: No such file or directory
 #include <unixio.h>
          ^~~~~~~~~~
compilation terminated.
configure:4806: $? = 1
configure: failed program was:
| /* confdefs.h */
| #define PACKAGE_NAME "dmf"
| #define PACKAGE_TARNAME "dmf"
| #define PACKAGE_VERSION "1.0"
| #define PACKAGE_STRING "dmf 1.0"
| #define PACKAGE_BUGREPORT "campaw@gmail.com"
| #define PACKAGE_URL ""
| #define PACKAGE "dmf"
| #define VERSION "1.0"
| #define STDC_HEADERS 1
| #define HAVE_SYS_TYPES_H 1
| #define HAVE_SYS_STAT_H 1
| #define HAVE_STDLIB_H 1
| #define HAVE_STRING_H 1
| #define HAVE_MEMORY_H 1
| #define HAVE_STRINGS_H 1
| #define HAVE_INTTYPES_H 1
| #define HAVE_STDINT_H 1
| #define HAVE_UNISTD_H 1
| #define HAVE_STDIO_H 1
| #define TIME_WITH_SYS_TIME 1
| #define HAVE_UINTPTR_T 1
| #define HAVE_DIRECT_H 1
| #define HAVE_ERRNO_H 1
| #define HAVE_SIGNAL_H 1
| #define HAVE_SYS_TIME_H 1
| #define HAVE_TIME_H 1
| #define HAVE_UNISTD_H 1
| /* end confdefs.h.  */
| #include <unixio.h>
configure:4806: result: no
configure:4806: checking for unixio.h
configure:4806: result: no
configure:4820: checking for size_t
configure:4820: gcc -c   conftest.c >&5
configure:4820: $? = 0
configure:4820: gcc -c   conftest.c >&5
conftest.c: In function 'main':
conftest.c:66:21: error: expected expression before ')' token
 if (sizeof ((size_t)))
                     ^
configure:4820: $? = 1
configure: failed program was:
| /* confdefs.h */
| #define PACKAGE_NAME "dmf"
| #define PACKAGE_TARNAME "dmf"
| #define PACKAGE_VERSION "1.0"
| #define PACKAGE_STRING "dmf 1.0"
| #define PACKAGE_BUGREPORT "campaw@gmail.com"
| #define PACKAGE_URL ""
| #define PACKAGE "dmf"
| #define VERSION "1.0"
| #define STDC_HEADERS 1
| #define HAVE_SYS_TYPES_H 1
| #define HAVE_SYS_STAT_H 1
| #define HAVE_STDLIB_H 1
| #define HAVE_STRING_H 1
| #define HAVE_MEMORY_H 1
| #define HAVE_STRINGS_H 1
| #define HAVE_INTTYPES_H 1
| #define HAVE_STDINT_H 1
| #define HAVE_UNISTD_H 1
| #define HAVE_STDIO_H 1
| #define TIME_WITH_SYS_TIME 1
| #define HAVE_UINTPTR_T 1
| #define HAVE_DIRECT_H 1
| #define HAVE_ERRNO_H 1
| #define HAVE_SIGNAL_H 1
| #define HAVE_SYS_TIME_H 1
| #define HAVE_TIME_H 1
| #define HAVE_UNISTD_H 1
| /* end confdefs.h.  */
| #include <stdio.h>
| #ifdef HAVE_SYS_TYPES_H
| # include <sys/types.h>
| #endif
| #ifdef HAVE_SYS_STAT_H
| # include <sys/stat.h>
| #endif
| #ifdef STDC_HEADERS
| # include <stdlib.h>
| # include <stddef.h>
| #else
| # ifdef HAVE_STDLIB_H
| #  include <stdlib.h>
| # endif
| #endif
| #ifdef HAVE_STRING_H
| # if !defined STDC_HEADERS && defined HAVE_MEMORY_H
| #  include <memory.h>
| # endif
| # include <string.h>
| #endif
| #ifdef HAVE_STRINGS_H
| # include <strings.h>
| #endif
| #ifdef HAVE_INTTYPES_H
| # include <inttypes.h>
| #endif
| #ifdef HAVE_STDINT_H
| # include <stdint.h>
| #endif
| #ifdef HAVE_UNISTD_H
| # include <unistd.h>
| #endif
| int
| main ()
| {
| if (sizeof ((size_t)))
| 	    return 0;
|   ;
|   return 0;
| }
configure:4820: result: yes
configure:4831: checking whether byte ordering is bigendian
configure:4846: gcc -c   conftest.c >&5
conftest.c:31:9: error: unknown type name 'not'
         not a universal capable compiler
         ^~~
conftest.c:31:15: error: expected '=', ',', ';', 'asm' or '__attribute__' before 'universal'
         not a universal capable compiler
               ^~~~~~~~~
conftest.c:31:15: error: unknown type name 'universal'
configure:4846: $? = 1
configure: failed program was:
| /* confdefs.h */
| #define PACKAGE_NAME "dmf"
| #define PACKAGE_TARNAME "dmf"
| #define PACKAGE_VERSION "1.0"
| #define PACKAGE_STRING "dmf 1.0"
| #define PACKAGE_BUGREPORT "campaw@gmail.com"
| #define PACKAGE_URL ""
| #define PACKAGE "dmf"
| #define VERSION "1.0"
| #define STDC_HEADERS 1
| #define HAVE_SYS_TYPES_H 1
| #define HAVE_SYS_STAT_H 1
| #define HAVE_STDLIB_H 1
| #define HAVE_STRING_H 1
| #define HAVE_MEMORY_H 1
| #define HAVE_STRINGS_H 1
| #define HAVE_INTTYPES_H 1
| #define HAVE_STDINT_H 1
| #define HAVE_UNISTD_H 1
| #define HAVE_STDIO_H 1
| #define TIME_WITH_SYS_TIME 1
| #define HAVE_UINTPTR_T 1
| #define HAVE_DIRECT_H 1
| #define HAVE_ERRNO_H 1
| #define HAVE_SIGNAL_H 1
| #define HAVE_SYS_TIME_H 1
| #define HAVE_TIME_H 1
| #define HAVE_UNISTD_H 1
| /* end confdefs.h.  */
| #ifndef __APPLE_CC__
| 	       not a universal capable compiler
| 	     #endif
| 	     typedef int dummy;
| 
configure:4891: gcc -c   conftest.c >&5
configure:4891: $? = 0
configure:4909: gcc -c   conftest.c >&5
conftest.c: In function 'main':
conftest.c:37:4: error: unknown type name 'not'; did you mean 'ino_t'?
    not big endian
    ^~~
    ino_t
conftest.c:37:12: error: expected '=', ',', ';', 'asm' or '__attribute__' before 'endian'
    not big endian
            ^~~~~~
configure:4909: $? = 1
configure: failed program was:
| /* confdefs.h */
| #define PACKAGE_NAME "dmf"
| #define PACKAGE_TARNAME "dmf"
| #define PACKAGE_VERSION "1.0"
| #define PACKAGE_STRING "dmf 1.0"
| #define PACKAGE_BUGREPORT "campaw@gmail.com"
| #define PACKAGE_URL ""
| #define PACKAGE "dmf"
| #define VERSION "1.0"
| #define STDC_HEADERS 1
| #define HAVE_SYS_TYPES_H 1
| #define HAVE_SYS_STAT_H 1
| #define HAVE_STDLIB_H 1
| #define HAVE_STRING_H 1
| #define HAVE_MEMORY_H 1
| #define HAVE_STRINGS_H 1
| #define HAVE_INTTYPES_H 1
| #define HAVE_STDINT_H 1
| #define HAVE_UNISTD_H 1
| #define HAVE_STDIO_H 1
| #define TIME_WITH_SYS_TIME 1
| #define HAVE_UINTPTR_T 1
| #define HAVE_DIRECT_H 1
| #define HAVE_ERRNO_H 1
| #define HAVE_SIGNAL_H 1
| #define HAVE_SYS_TIME_H 1
| #define HAVE_TIME_H 1
| #define HAVE_UNISTD_H 1
| /* end confdefs.h.  */
| #include <sys/types.h>
| 		#include <sys/param.h>
| 
| int
| main ()
| {
| #if BYTE_ORDER != BIG_ENDIAN
| 		 not big endian
| 		#endif
| 
|   ;
|   return 0;
| }
configure:5037: result: no
configure:5055: checking for an ANSI C-conforming const
configure:5121: gcc -c   conftest.c >&5
configure:5121: $? = 0
configure:5128: result: yes
configure:5136: checking for inline
configure:5152: gcc -c   conftest.c >&5
configure:5152: $? = 0
configure:5160: result: inline
configure:5178: checking for working volatile
configure:5197: gcc -c   conftest.c >&5
configure:5197: $? = 0
configure:5204: result: yes
configure:5213: checking whether gcc needs -traditional
conftest.c:30:10: fatal error: sgtty.h: No such file or directory
 #include <sgtty.h>
          ^~~~~~~~~
compilation terminated.
conftest.c:30:10: fatal error: termio.h: No such file or directory
 #include <termio.h>
          ^~~~~~~~~~
compilation terminated.
configure:5247: result: no
configure:5254: checking whether struct tm is in sys/time.h or time.h
configure:5274: gcc -c   conftest.c >&5
configure:5274: $? = 0
configure:5281: result: time.h
configure:5289: checking return type of signal handlers
configure:5307: gcc -c   conftest.c >&5
conftest.c: In function 'main':
conftest.c:36:10: error: void value not ignored as it ought to be
 return *(signal (0, 0)) (0) == 1;
         ~^~~~~~~~~~~~~~~~~~
configure:5307: $? = 1
configure: failed program was:
| /* confdefs.h */
| #define PACKAGE_NAME "dmf"
| #define PACKAGE_TARNAME "dmf"
| #define PACKAGE_VERSION "1.0"
| #define PACKAGE_STRING "dmf 1.0"
| #define PACKAGE_BUGREPORT "campaw@gmail.com"
| #define PACKAGE_URL ""
| #define PACKAGE "dmf"
| #define VERSION "1.0"
| #define STDC_HEADERS 1
| #define HAVE_SYS_TYPES_H 1
| #define HAVE_SYS_STAT_H 1
| #define HAVE_STDLIB_H 1
| #define HAVE_STRING_H 1
| #define HAVE_MEMORY_H 1
| #define HAVE_STRINGS_H 1
| #define HAVE_INTTYPES_H 1
| #define HAVE_STDINT_H 1
| #define HAVE_UNISTD_H 1
| #define HAVE_STDIO_H 1
| #define TIME_WITH_SYS_TIME 1
| #define HAVE_UINTPTR_T 1
| #define HAVE_DIRECT_H 1
| #define HAVE_ERRNO_H 1
| #define HAVE_SIGNAL_H 1
| #define HAVE_SYS_TIME_H 1
| #define HAVE_TIME_H 1
| #define HAVE_UNISTD_H 1
| /* end confdefs.h.  */
| #include <sys/types.h>
| #include <signal.h>
| 
| int
| main ()
| {
| return *(signal (0, 0)) (0) == 1;
|   ;
|   return 0;
| }
configure:5314: result: void
configure:5469: checking that generated files are newer than configure
configure:5475: result: done
configure:5507: creating ./config.status

## ---------------------- ##
## Running config.status. ##
## ---------------------- ##

This file was extended by dmf config.status 1.0, which was
generated by GNU Autoconf 2.69.  Invocation command line was

  CONFIG_FILES    = 
  CONFIG_HEADERS  = 
  CONFIG_LINKS    = 
  CONFIG_COMMANDS = 
  $ ./config.status 

on hp1

config.status:876: creating Makefile
config.status:876: creating src/libdmf/Makefile
config.status:876: creating src/dmfutil/Makefile
config.status:876: creating config.h
config.status:1057: config.h is unchanged
config.status:1105: executing depfiles commands
config.status:1182: cd src/libdmf       && sed -e '/# am--include-marker/d' Makefile         | make -f - am--depfiles
make: Nothing to be done for 'am--depfiles'.
config.status:1187: $? = 0
config.status:1182: cd src/dmfutil       && sed -e '/# am--include-marker/d' Makefile         | make -f - am--depfiles
make: Nothing to be done for 'am--depfiles'.
config.status:1187: $? = 0

## ---------------- ##
## Cache variables. ##
## ---------------- ##

ac_cv_c_bigendian=no
ac_cv_c_compiler_gnu=yes
ac_cv_c_const=yes
ac_cv_c_inline=inline
ac_cv_c_volatile=yes
ac_cv_env_CCASFLAGS_set=
ac_cv_env_CCASFLAGS_value=
ac_cv_env_CCAS_set=
ac_cv_env_CCAS_value=
ac_cv_env_CC_set=
ac_cv_env_CC_value=
ac_cv_env_CFLAGS_set=
ac_cv_env_CFLAGS_value=
ac_cv_env_CPPFLAGS_set=
ac_cv_env_CPPFLAGS_value=
ac_cv_env_CPP_set=
ac_cv_env_CPP_value=
ac_cv_env_LDFLAGS_set=
ac_cv_env_LDFLAGS_value=
ac_cv_env_LIBS_set=
ac_cv_env_LIBS_value=
ac_cv_env_PKG_CONFIG_LIBDIR_set=
ac_cv_env_PKG_CONFIG_LIBDIR_value=
ac_cv_env_PKG_CONFIG_PATH_set=set
ac_cv_env_PKG_CONFIG_PATH_value=/mingw64/lib/pkgconfig:/mingw64/share/pkgconfig
ac_cv_env_PKG_CONFIG_set=
ac_cv_env_PKG_CONFIG_value=
ac_cv_env_build_alias_set=
ac_cv_env_build_alias_value=
ac_cv_env_host_alias_set=
ac_cv_env_host_alias_value=
ac_cv_env_target_alias_set=
ac_cv_env_target_alias_value=
ac_cv_exeext=.exe
ac_cv_header_direct_h=yes
ac_cv_header_errno_h=yes
ac_cv_header_file_h=no
ac_cv_header_inttypes_h=yes
ac_cv_header_memory_h=yes
ac_cv_header_signal_h=yes
ac_cv_header_stdc=yes
ac_cv_header_stdint_h=yes
ac_cv_header_stdio_h=yes
ac_cv_header_stdlib_h=yes
ac_cv_header_string_h=yes
ac_cv_header_strings_h=yes
ac_cv_header_sys_stat_h=yes
ac_cv_header_sys_time_h=yes
ac_cv_header_sys_types_h=yes
ac_cv_header_time=yes
ac_cv_header_time_h=yes
ac_cv_header_unistd_h=yes
ac_cv_header_unixio_h=no
ac_cv_objext=o
ac_cv_path_EGREP='/usr/bin/grep -E'
ac_cv_path_GREP=/usr/bin/grep
ac_cv_path_ac_pt_PKG_CONFIG=/mingw64/bin/pkg-config
ac_cv_path_install='/usr/bin/install -c'
ac_cv_path_mkdir=/usr/bin/mkdir
ac_cv_prog_AWK=gawk
ac_cv_prog_CPP='gcc -E'
ac_cv_prog_ac_ct_CC=gcc
ac_cv_prog_ac_ct_RANLIB=ranlib
ac_cv_prog_cc_c89=
ac_cv_prog_cc_c99=
ac_cv_prog_cc_g=yes
ac_cv_prog_gcc_traditional=no
ac_cv_prog_make_make_set=yes
ac_cv_struct_tm=time.h
ac_cv_type_signal=void
ac_cv_type_size_t=yes
ac_cv_type_uintptr_t=yes
am_cv_CCAS_dependencies_compiler_type=gcc3
am_cv_CC_dependencies_compiler_type=gcc3
am_cv_make_support_nested_variables=yes
am_cv_prog_cc_c_o=yes

## ----------------- ##
## Output variables. ##
## ----------------- ##

ACLOCAL='${SHELL} /c/home/sysadm/devel/autotools-template/missing aclocal-1.16'
AMDEPBACKSLASH='\'
AMDEP_FALSE='#'
AMDEP_TRUE=''
AMTAR='$${TAR-tar}'
AM_BACKSLASH='\'
AM_DEFAULT_V='$(AM_DEFAULT_VERBOSITY)'
AM_DEFAULT_VERBOSITY='1'
AM_V='$(V)'
AUTOCONF='${SHELL} /c/home/sysadm/devel/autotools-template/missing autoconf'
AUTOHEADER='${SHELL} /c/home/sysadm/devel/autotools-template/missing autoheader'
AUTOMAKE='${SHELL} /c/home/sysadm/devel/autotools-template/missing automake-1.16'
AWK='gawk'
CC='gcc'
CCAS='gcc'
CCASDEPMODE='depmode=gcc3'
CCASFLAGS='-g -O2'
CCDEPMODE='depmode=gcc3'
CFLAGS=''
CPP='gcc -E'
CPPFLAGS=''
CYGPATH_W='cygpath -w'
DEBUG_FALSE=''
DEBUG_TRUE='#'
DEFS='-DHAVE_CONFIG_H'
DEPDIR='.deps'
ECHO_C=''
ECHO_N='-n'
ECHO_T=''
EGREP='/usr/bin/grep -E'
EXEEXT='.exe'
GREP='/usr/bin/grep'
INSTALL_DATA='${INSTALL} -m 644'
INSTALL_PROGRAM='${INSTALL}'
INSTALL_SCRIPT='${INSTALL}'
INSTALL_STRIP_PROGRAM='$(install_sh) -c -s'
LDFLAGS=''
LIBOBJS=''
LIBS=''
LTLIBOBJS=''
MAKEINFO='${SHELL} /c/home/sysadm/devel/autotools-template/missing makeinfo'
MKDIR_P='/usr/bin/mkdir -p'
OBJEXT='o'
PACKAGE='dmf'
PACKAGE_BUGREPORT='campaw@gmail.com'
PACKAGE_NAME='dmf'
PACKAGE_STRING='dmf 1.0'
PACKAGE_TARNAME='dmf'
PACKAGE_URL=''
PACKAGE_VERSION='1.0'
PATH_SEPARATOR=':'
PKG_CONFIG='/mingw64/bin/pkg-config'
PKG_CONFIG_LIBDIR=''
PKG_CONFIG_PATH='/mingw64/lib/pkgconfig:/mingw64/share/pkgconfig'
RANLIB='ranlib'
SET_MAKE=''
SHELL='/bin/sh'
STRIP=''
VERSION='1.0'
ac_ct_CC='gcc'
am__EXEEXT_FALSE='#'
am__EXEEXT_TRUE=''
am__fastdepCCAS_FALSE='#'
am__fastdepCCAS_TRUE=''
am__fastdepCC_FALSE='#'
am__fastdepCC_TRUE=''
am__include='include'
am__isrc=''
am__leading_dot='.'
am__nodep='_no'
am__quote=''
am__tar='$${TAR-tar} chof - "$$tardir"'
am__untar='$${TAR-tar} xf -'
bindir='${exec_prefix}/bin'
build_alias='x86_64-w64-mingw32'
datadir='${datarootdir}'
datarootdir='${prefix}/share'
docdir='${datarootdir}/doc/${PACKAGE_TARNAME}'
dvidir='${docdir}'
exec_prefix='${prefix}'
host_alias=''
htmldir='${docdir}'
includedir='${prefix}/include'
infodir='${datarootdir}/info'
install_sh='${SHELL} /c/home/sysadm/devel/autotools-template/install-sh'
libdir='${exec_prefix}/lib'
libexecdir='${exec_prefix}/libexec'
localedir='${datarootdir}/locale'
localstatedir='${prefix}/var'
mandir='${datarootdir}/man'
mkdir_p='$(MKDIR_P)'
oldincludedir='/usr/include'
pdfdir='${docdir}'
prefix='/mingw64'
program_transform_name='s,x,x,'
psdir='${docdir}'
sbindir='${exec_prefix}/sbin'
sharedstatedir='${prefix}/com'
sysconfdir='${prefix}/etc'
target_alias=''

## ----------- ##
## confdefs.h. ##
## ----------- ##

/* confdefs.h */
#define PACKAGE_NAME "dmf"
#define PACKAGE_TARNAME "dmf"
#define PACKAGE_VERSION "1.0"
#define PACKAGE_STRING "dmf 1.0"
#define PACKAGE_BUGREPORT "campaw@gmail.com"
#define PACKAGE_URL ""
#define PACKAGE "dmf"
#define VERSION "1.0"
#define STDC_HEADERS 1
#define HAVE_SYS_TYPES_H 1
#define HAVE_SYS_STAT_H 1
#define HAVE_STDLIB_H 1
#define HAVE_STRING_H 1
#define HAVE_MEMORY_H 1
#define HAVE_STRINGS_H 1
#define HAVE_INTTYPES_H 1
#define HAVE_STDINT_H 1
#define HAVE_UNISTD_H 1
#define HAVE_STDIO_H 1
#define TIME_WITH_SYS_TIME 1
#define HAVE_UINTPTR_T 1
#define HAVE_DIRECT_H 1
#define HAVE_ERRNO_H 1
#define HAVE_SIGNAL_H 1
#define HAVE_SYS_TIME_H 1
#define HAVE_TIME_H 1
#define HAVE_UNISTD_H 1
#define RETSIGTYPE void
#define DEBUG 0

configure: exit 0
